2020-04-28 00:59:51,614 - Starting ProductCategoryRepositoryTest on LAPTOP-RA493M2E with PID 16188 (started by 张文博 in F:\Projects\IDEAProjects\sell)
2020-04-28 00:59:51,618 - No active profile set, falling back to default profiles: default
2020-04-28 00:59:51,718 - Refreshing org.springframework.web.context.support.GenericWebApplicationContext@16eb3ea3: startup date [Tue Apr 28 00:59:51 GMT+08:00 2020]; root of context hierarchy
2020-04-28 00:59:52,457 - HV000001: Hibernate Validator 5.3.5.Final
2020-04-28 00:59:54,827 - Building JPA container EntityManagerFactory for persistence unit 'default'
2020-04-28 00:59:54,860 - HHH000204: Processing PersistenceUnitInfo [
	name: default
	...]
2020-04-28 00:59:54,964 - HHH000412: Hibernate Core {5.0.12.Final}
2020-04-28 00:59:54,965 - HHH000206: hibernate.properties not found
2020-04-28 00:59:54,967 - HHH000021: Bytecode provider name : javassist
2020-04-28 00:59:55,027 - HCANN000001: Hibernate Commons Annotations {5.0.1.Final}
2020-04-28 00:59:55,182 - HHH000400: Using dialect: org.hibernate.dialect.MySQL5Dialect
2020-04-28 00:59:56,220 - HHH000182: No default (no-argument) constructor for class: com.zwb.dataobject.ProductCategory (class must be instantiated by Interceptor)
2020-04-28 00:59:56,350 - Initialized JPA EntityManagerFactory for persistence unit 'default'
2020-04-28 00:59:57,156 - Looking for @ControllerAdvice: org.springframework.web.context.support.GenericWebApplicationContext@16eb3ea3: startup date [Tue Apr 28 00:59:51 GMT+08:00 2020]; root of context hierarchy
2020-04-28 00:59:57,238 - Mapped "{[/error]}" onto public org.springframework.http.ResponseEntity<java.util.Map<java.lang.String, java.lang.Object>> org.springframework.boot.autoconfigure.web.BasicErrorController.error(javax.servlet.http.HttpServletRequest)
2020-04-28 00:59:57,240 - Mapped "{[/error],produces=[text/html]}" onto public org.springframework.web.servlet.ModelAndView org.springframework.boot.autoconfigure.web.BasicErrorController.errorHtml(javax.servlet.http.HttpServletRequest,javax.servlet.http.HttpServletResponse)
2020-04-28 00:59:57,268 - Mapped URL path [/webjars/**] onto handler of type [class org.springframework.web.servlet.resource.ResourceHttpRequestHandler]
2020-04-28 00:59:57,268 - Mapped URL path [/**] onto handler of type [class org.springframework.web.servlet.resource.ResourceHttpRequestHandler]
2020-04-28 00:59:57,310 - Mapped URL path [/**/favicon.ico] onto handler of type [class org.springframework.web.servlet.resource.ResourceHttpRequestHandler]
2020-04-28 00:59:57,567 - Started ProductCategoryRepositoryTest in 6.69 seconds (JVM running for 8.395)
2020-04-28 00:59:57,639 - HHH000397: Using ASTQueryTranslatorFactory
2020-04-28 00:59:58,088 - Closing org.springframework.web.context.support.GenericWebApplicationContext@16eb3ea3: startup date [Tue Apr 28 00:59:51 GMT+08:00 2020]; root of context hierarchy
2020-04-28 00:59:58,093 - Closing JPA EntityManagerFactory for persistence unit 'default'
2020-04-28 01:00:29,082 - Starting ProductCategoryRepositoryTest on LAPTOP-RA493M2E with PID 20404 (started by 张文博 in F:\Projects\IDEAProjects\sell)
2020-04-28 01:00:29,087 - No active profile set, falling back to default profiles: default
2020-04-28 01:00:29,122 - Refreshing org.springframework.web.context.support.GenericWebApplicationContext@1a75e76a: startup date [Tue Apr 28 01:00:29 GMT+08:00 2020]; root of context hierarchy
2020-04-28 01:00:29,676 - HV000001: Hibernate Validator 5.3.5.Final
2020-04-28 01:00:31,958 - Building JPA container EntityManagerFactory for persistence unit 'default'
2020-04-28 01:00:31,978 - HHH000204: Processing PersistenceUnitInfo [
	name: default
	...]
2020-04-28 01:00:32,075 - HHH000412: Hibernate Core {5.0.12.Final}
2020-04-28 01:00:32,077 - HHH000206: hibernate.properties not found
2020-04-28 01:00:32,078 - HHH000021: Bytecode provider name : javassist
2020-04-28 01:00:32,122 - HCANN000001: Hibernate Commons Annotations {5.0.1.Final}
2020-04-28 01:00:32,289 - HHH000400: Using dialect: org.hibernate.dialect.MySQL5Dialect
2020-04-28 01:00:33,418 - Initialized JPA EntityManagerFactory for persistence unit 'default'
2020-04-28 01:00:34,188 - Looking for @ControllerAdvice: org.springframework.web.context.support.GenericWebApplicationContext@1a75e76a: startup date [Tue Apr 28 01:00:29 GMT+08:00 2020]; root of context hierarchy
2020-04-28 01:00:34,266 - Mapped "{[/error]}" onto public org.springframework.http.ResponseEntity<java.util.Map<java.lang.String, java.lang.Object>> org.springframework.boot.autoconfigure.web.BasicErrorController.error(javax.servlet.http.HttpServletRequest)
2020-04-28 01:00:34,267 - Mapped "{[/error],produces=[text/html]}" onto public org.springframework.web.servlet.ModelAndView org.springframework.boot.autoconfigure.web.BasicErrorController.errorHtml(javax.servlet.http.HttpServletRequest,javax.servlet.http.HttpServletResponse)
2020-04-28 01:00:34,294 - Mapped URL path [/webjars/**] onto handler of type [class org.springframework.web.servlet.resource.ResourceHttpRequestHandler]
2020-04-28 01:00:34,295 - Mapped URL path [/**] onto handler of type [class org.springframework.web.servlet.resource.ResourceHttpRequestHandler]
2020-04-28 01:00:34,336 - Mapped URL path [/**/favicon.ico] onto handler of type [class org.springframework.web.servlet.resource.ResourceHttpRequestHandler]
2020-04-28 01:00:34,619 - Started ProductCategoryRepositoryTest in 6.004 seconds (JVM running for 6.886)
2020-04-28 01:00:34,695 - HHH000397: Using ASTQueryTranslatorFactory
2020-04-28 01:00:34,919 - Closing org.springframework.web.context.support.GenericWebApplicationContext@1a75e76a: startup date [Tue Apr 28 01:00:29 GMT+08:00 2020]; root of context hierarchy
2020-04-28 01:00:34,926 - Closing JPA EntityManagerFactory for persistence unit 'default'
