2020-05-26 11:30:33,417 - Starting SellApplication on LAPTOP-RA493M2E with PID 3508 (F:\Projects\IDEAProjects\sell\target\classes started by 张文博 in F:\Projects\IDEAProjects\sell)
2020-05-26 11:30:33,421 - No active profile set, falling back to default profiles: default
2020-05-26 11:30:33,533 - Refreshing org.springframework.boot.context.embedded.AnnotationConfigEmbeddedWebApplicationContext@564fabc8: startup date [Tue May 26 11:30:33 GMT+08:00 2020]; root of context hierarchy
2020-05-26 11:30:33,701 - HV000001: Hibernate Validator 5.3.5.Final
2020-05-26 11:30:35,391 - Tomcat initialized with port(s): 7070 (http)
2020-05-26 11:30:35,455 - Starting service Tomcat
2020-05-26 11:30:35,458 - Starting Servlet Engine: Apache Tomcat/8.5.14
2020-05-26 11:30:36,039 - Initializing Spring embedded WebApplicationContext
2020-05-26 11:30:36,039 - Root WebApplicationContext: initialization completed in 2506 ms
2020-05-26 11:30:36,167 - Mapping servlet: 'dispatcherServlet' to [/]
2020-05-26 11:30:36,172 - Mapping filter: 'characterEncodingFilter' to: [/*]
2020-05-26 11:30:36,173 - Mapping filter: 'hiddenHttpMethodFilter' to: [/*]
2020-05-26 11:30:36,173 - Mapping filter: 'httpPutFormContentFilter' to: [/*]
2020-05-26 11:30:36,173 - Mapping filter: 'requestContextFilter' to: [/*]
2020-05-26 11:30:36,710 - Building JPA container EntityManagerFactory for persistence unit 'default'
2020-05-26 11:30:36,721 - HHH000204: Processing PersistenceUnitInfo [
	name: default
	...]
2020-05-26 11:30:36,818 - HHH000412: Hibernate Core {5.0.12.Final}
2020-05-26 11:30:36,820 - HHH000206: hibernate.properties not found
2020-05-26 11:30:36,822 - HHH000021: Bytecode provider name : javassist
2020-05-26 11:30:36,898 - HCANN000001: Hibernate Commons Annotations {5.0.1.Final}
2020-05-26 11:30:37,039 - HHH000400: Using dialect: org.hibernate.dialect.MySQL5Dialect
2020-05-26 11:30:37,497 - Initialized JPA EntityManagerFactory for persistence unit 'default'
2020-05-26 11:30:38,005 - Looking for @ControllerAdvice: org.springframework.boot.context.embedded.AnnotationConfigEmbeddedWebApplicationContext@564fabc8: startup date [Tue May 26 11:30:33 GMT+08:00 2020]; root of context hierarchy
2020-05-26 11:30:38,055 - Mapped "{[/buyer/order/create],methods=[POST]}" onto public com.zwb.vo.ResultVO<java.util.Map<java.lang.String, java.lang.String>> com.zwb.controller.BuyerOrderController.create(com.zwb.form.OrderForm,org.springframework.validation.BindingResult)
2020-05-26 11:30:38,056 - Mapped "{[/buyer/product/list],methods=[GET]}" onto public com.zwb.vo.ResultVO com.zwb.controller.BuyerProductController.list()
2020-05-26 11:30:38,058 - Mapped "{[/error]}" onto public org.springframework.http.ResponseEntity<java.util.Map<java.lang.String, java.lang.Object>> org.springframework.boot.autoconfigure.web.BasicErrorController.error(javax.servlet.http.HttpServletRequest)
2020-05-26 11:30:38,059 - Mapped "{[/error],produces=[text/html]}" onto public org.springframework.web.servlet.ModelAndView org.springframework.boot.autoconfigure.web.BasicErrorController.errorHtml(javax.servlet.http.HttpServletRequest,javax.servlet.http.HttpServletResponse)
2020-05-26 11:30:38,079 - Mapped URL path [/webjars/**] onto handler of type [class org.springframework.web.servlet.resource.ResourceHttpRequestHandler]
2020-05-26 11:30:38,079 - Mapped URL path [/**] onto handler of type [class org.springframework.web.servlet.resource.ResourceHttpRequestHandler]
2020-05-26 11:30:38,108 - Mapped URL path [/**/favicon.ico] onto handler of type [class org.springframework.web.servlet.resource.ResourceHttpRequestHandler]
2020-05-26 11:30:38,361 - Registering beans for JMX exposure on startup
2020-05-26 11:30:38,376 - Initializing ProtocolHandler ["http-nio-7070"]
2020-05-26 11:30:38,384 - Starting ProtocolHandler ["http-nio-7070"]
2020-05-26 11:30:38,395 - Using a shared selector for servlet write/read
2020-05-26 11:30:38,412 - Tomcat started on port(s): 7070 (http)
2020-05-26 11:30:38,416 - Started SellApplication in 5.681 seconds (JVM running for 9.459)
2020-05-26 11:34:54,925 - Initializing Spring FrameworkServlet 'dispatcherServlet'
2020-05-26 11:34:54,925 - FrameworkServlet 'dispatcherServlet': initialization started
2020-05-26 11:34:54,948 - FrameworkServlet 'dispatcherServlet': initialization completed in 22 ms
2020-05-26 11:34:55,112 - Servlet.service() for servlet [dispatcherServlet] in context with path [/sell] threw exception [Request processing failed; nested exception is com.zwb.exception.SellException: 商品不存在] with root cause
com.zwb.exception.SellException: 商品不存在
	at com.zwb.service.impl.OrderServiceImpl.create(OrderServiceImpl.java:69)
	at com.zwb.service.impl.OrderServiceImpl$$FastClassBySpringCGLIB$$c131b966.invoke(<generated>)
	at org.springframework.cglib.proxy.MethodProxy.invoke(MethodProxy.java:204)
	at org.springframework.aop.framework.CglibAopProxy$CglibMethodInvocation.invokeJoinpoint(CglibAopProxy.java:738)
	at org.springframework.aop.framework.ReflectiveMethodInvocation.proceed(ReflectiveMethodInvocation.java:157)
	at org.springframework.transaction.interceptor.TransactionInterceptor$1.proceedWithInvocation(TransactionInterceptor.java:99)
	at org.springframework.transaction.interceptor.TransactionAspectSupport.invokeWithinTransaction(TransactionAspectSupport.java:282)
	at org.springframework.transaction.interceptor.TransactionInterceptor.invoke(TransactionInterceptor.java:96)
	at org.springframework.aop.framework.ReflectiveMethodInvocation.proceed(ReflectiveMethodInvocation.java:179)
	at org.springframework.aop.framework.CglibAopProxy$DynamicAdvisedInterceptor.intercept(CglibAopProxy.java:673)
	at com.zwb.service.impl.OrderServiceImpl$$EnhancerBySpringCGLIB$$47aba80b.create(<generated>)
	at com.zwb.controller.BuyerOrderController.create(BuyerOrderController.java:52)
	at sun.reflect.NativeMethodAccessorImpl.invoke0(Native Method)
	at sun.reflect.NativeMethodAccessorImpl.invoke(NativeMethodAccessorImpl.java:62)
	at sun.reflect.DelegatingMethodAccessorImpl.invoke(DelegatingMethodAccessorImpl.java:43)
	at java.lang.reflect.Method.invoke(Method.java:498)
	at org.springframework.web.method.support.InvocableHandlerMethod.doInvoke(InvocableHandlerMethod.java:205)
	at org.springframework.web.method.support.InvocableHandlerMethod.invokeForRequest(InvocableHandlerMethod.java:133)
	at org.springframework.web.servlet.mvc.method.annotation.ServletInvocableHandlerMethod.invokeAndHandle(ServletInvocableHandlerMethod.java:97)
	at org.springframework.web.servlet.mvc.method.annotation.RequestMappingHandlerAdapter.invokeHandlerMethod(RequestMappingHandlerAdapter.java:827)
	at org.springframework.web.servlet.mvc.method.annotation.RequestMappingHandlerAdapter.handleInternal(RequestMappingHandlerAdapter.java:738)
	at org.springframework.web.servlet.mvc.method.AbstractHandlerMethodAdapter.handle(AbstractHandlerMethodAdapter.java:85)
	at org.springframework.web.servlet.DispatcherServlet.doDispatch(DispatcherServlet.java:963)
	at org.springframework.web.servlet.DispatcherServlet.doService(DispatcherServlet.java:897)
	at org.springframework.web.servlet.FrameworkServlet.processRequest(FrameworkServlet.java:970)
	at org.springframework.web.servlet.FrameworkServlet.doPost(FrameworkServlet.java:872)
	at javax.servlet.http.HttpServlet.service(HttpServlet.java:661)
	at org.springframework.web.servlet.FrameworkServlet.service(FrameworkServlet.java:846)
	at javax.servlet.http.HttpServlet.service(HttpServlet.java:742)
	at org.apache.catalina.core.ApplicationFilterChain.internalDoFilter(ApplicationFilterChain.java:231)
	at org.apache.catalina.core.ApplicationFilterChain.doFilter(ApplicationFilterChain.java:166)
	at org.apache.tomcat.websocket.server.WsFilter.doFilter(WsFilter.java:52)
	at org.apache.catalina.core.ApplicationFilterChain.internalDoFilter(ApplicationFilterChain.java:193)
	at org.apache.catalina.core.ApplicationFilterChain.doFilter(ApplicationFilterChain.java:166)
	at org.springframework.web.filter.RequestContextFilter.doFilterInternal(RequestContextFilter.java:99)
	at org.springframework.web.filter.OncePerRequestFilter.doFilter(OncePerRequestFilter.java:107)
	at org.apache.catalina.core.ApplicationFilterChain.internalDoFilter(ApplicationFilterChain.java:193)
	at org.apache.catalina.core.ApplicationFilterChain.doFilter(ApplicationFilterChain.java:166)
	at org.springframework.web.filter.HttpPutFormContentFilter.doFilterInternal(HttpPutFormContentFilter.java:105)
	at org.springframework.web.filter.OncePerRequestFilter.doFilter(OncePerRequestFilter.java:107)
	at org.apache.catalina.core.ApplicationFilterChain.internalDoFilter(ApplicationFilterChain.java:193)
	at org.apache.catalina.core.ApplicationFilterChain.doFilter(ApplicationFilterChain.java:166)
	at org.springframework.web.filter.HiddenHttpMethodFilter.doFilterInternal(HiddenHttpMethodFilter.java:81)
	at org.springframework.web.filter.OncePerRequestFilter.doFilter(OncePerRequestFilter.java:107)
	at org.apache.catalina.core.ApplicationFilterChain.internalDoFilter(ApplicationFilterChain.java:193)
	at org.apache.catalina.core.ApplicationFilterChain.doFilter(ApplicationFilterChain.java:166)
	at org.springframework.web.filter.CharacterEncodingFilter.doFilterInternal(CharacterEncodingFilter.java:197)
	at org.springframework.web.filter.OncePerRequestFilter.doFilter(OncePerRequestFilter.java:107)
	at org.apache.catalina.core.ApplicationFilterChain.internalDoFilter(ApplicationFilterChain.java:193)
	at org.apache.catalina.core.ApplicationFilterChain.doFilter(ApplicationFilterChain.java:166)
	at org.apache.catalina.core.StandardWrapperValve.invoke(StandardWrapperValve.java:198)
	at org.apache.catalina.core.StandardContextValve.invoke(StandardContextValve.java:96)
	at org.apache.catalina.authenticator.AuthenticatorBase.invoke(AuthenticatorBase.java:478)
	at org.apache.catalina.core.StandardHostValve.invoke(StandardHostValve.java:140)
	at org.apache.catalina.valves.ErrorReportValve.invoke(ErrorReportValve.java:80)
	at org.apache.catalina.core.StandardEngineValve.invoke(StandardEngineValve.java:87)
	at org.apache.catalina.connector.CoyoteAdapter.service(CoyoteAdapter.java:342)
	at org.apache.coyote.http11.Http11Processor.service(Http11Processor.java:799)
	at org.apache.coyote.AbstractProcessorLight.process(AbstractProcessorLight.java:66)
	at org.apache.coyote.AbstractProtocol$ConnectionHandler.process(AbstractProtocol.java:861)
	at org.apache.tomcat.util.net.NioEndpoint$SocketProcessor.doRun(NioEndpoint.java:1455)
	at org.apache.tomcat.util.net.SocketProcessorBase.run(SocketProcessorBase.java:49)
	at java.util.concurrent.ThreadPoolExecutor.runWorker(ThreadPoolExecutor.java:1149)
	at java.util.concurrent.ThreadPoolExecutor$Worker.run(ThreadPoolExecutor.java:624)
	at org.apache.tomcat.util.threads.TaskThread$WrappingRunnable.run(TaskThread.java:61)
	at java.lang.Thread.run(Thread.java:748)
2020-05-26 11:43:39,798 - Starting SellApplication on LAPTOP-RA493M2E with PID 13876 (F:\Projects\IDEAProjects\sell\target\classes started by 张文博 in F:\Projects\IDEAProjects\sell)
2020-05-26 11:43:39,801 - No active profile set, falling back to default profiles: default
2020-05-26 11:43:39,937 - Refreshing org.springframework.boot.context.embedded.AnnotationConfigEmbeddedWebApplicationContext@564fabc8: startup date [Tue May 26 11:43:39 GMT+08:00 2020]; root of context hierarchy
2020-05-26 11:43:40,163 - HV000001: Hibernate Validator 5.3.5.Final
2020-05-26 11:43:41,346 - Tomcat initialized with port(s): 7070 (http)
2020-05-26 11:43:41,359 - Starting service Tomcat
2020-05-26 11:43:41,360 - Starting Servlet Engine: Apache Tomcat/8.5.14
2020-05-26 11:43:41,446 - Initializing Spring embedded WebApplicationContext
2020-05-26 11:43:41,446 - Root WebApplicationContext: initialization completed in 1509 ms
2020-05-26 11:43:41,569 - Mapping servlet: 'dispatcherServlet' to [/]
2020-05-26 11:43:41,574 - Mapping filter: 'characterEncodingFilter' to: [/*]
2020-05-26 11:43:41,575 - Mapping filter: 'hiddenHttpMethodFilter' to: [/*]
2020-05-26 11:43:41,575 - Mapping filter: 'httpPutFormContentFilter' to: [/*]
2020-05-26 11:43:41,575 - Mapping filter: 'requestContextFilter' to: [/*]
2020-05-26 11:43:42,061 - Building JPA container EntityManagerFactory for persistence unit 'default'
2020-05-26 11:43:42,072 - HHH000204: Processing PersistenceUnitInfo [
	name: default
	...]
2020-05-26 11:43:42,158 - HHH000412: Hibernate Core {5.0.12.Final}
2020-05-26 11:43:42,159 - HHH000206: hibernate.properties not found
2020-05-26 11:43:42,160 - HHH000021: Bytecode provider name : javassist
2020-05-26 11:43:42,230 - HCANN000001: Hibernate Commons Annotations {5.0.1.Final}
2020-05-26 11:43:42,336 - HHH000400: Using dialect: org.hibernate.dialect.MySQL5Dialect
2020-05-26 11:43:42,806 - Initialized JPA EntityManagerFactory for persistence unit 'default'
2020-05-26 11:43:43,256 - Looking for @ControllerAdvice: org.springframework.boot.context.embedded.AnnotationConfigEmbeddedWebApplicationContext@564fabc8: startup date [Tue May 26 11:43:39 GMT+08:00 2020]; root of context hierarchy
2020-05-26 11:43:43,310 - Mapped "{[/buyer/order/create],methods=[POST]}" onto public com.zwb.vo.ResultVO<java.util.Map<java.lang.String, java.lang.String>> com.zwb.controller.BuyerOrderController.create(com.zwb.form.OrderForm,org.springframework.validation.BindingResult)
2020-05-26 11:43:43,312 - Mapped "{[/buyer/product/list],methods=[GET]}" onto public com.zwb.vo.ResultVO com.zwb.controller.BuyerProductController.list()
2020-05-26 11:43:43,314 - Mapped "{[/error]}" onto public org.springframework.http.ResponseEntity<java.util.Map<java.lang.String, java.lang.Object>> org.springframework.boot.autoconfigure.web.BasicErrorController.error(javax.servlet.http.HttpServletRequest)
2020-05-26 11:43:43,314 - Mapped "{[/error],produces=[text/html]}" onto public org.springframework.web.servlet.ModelAndView org.springframework.boot.autoconfigure.web.BasicErrorController.errorHtml(javax.servlet.http.HttpServletRequest,javax.servlet.http.HttpServletResponse)
2020-05-26 11:43:43,339 - Mapped URL path [/webjars/**] onto handler of type [class org.springframework.web.servlet.resource.ResourceHttpRequestHandler]
2020-05-26 11:43:43,339 - Mapped URL path [/**] onto handler of type [class org.springframework.web.servlet.resource.ResourceHttpRequestHandler]
2020-05-26 11:43:43,364 - Mapped URL path [/**/favicon.ico] onto handler of type [class org.springframework.web.servlet.resource.ResourceHttpRequestHandler]
2020-05-26 11:43:43,631 - Registering beans for JMX exposure on startup
2020-05-26 11:43:43,644 - Initializing ProtocolHandler ["http-nio-7070"]
2020-05-26 11:43:43,651 - Starting ProtocolHandler ["http-nio-7070"]
2020-05-26 11:43:43,661 - Using a shared selector for servlet write/read
2020-05-26 11:43:43,675 - Tomcat started on port(s): 7070 (http)
2020-05-26 11:43:43,678 - Started SellApplication in 4.468 seconds (JVM running for 6.736)
2020-05-26 11:43:58,375 - Initializing Spring FrameworkServlet 'dispatcherServlet'
2020-05-26 11:43:58,376 - FrameworkServlet 'dispatcherServlet': initialization started
2020-05-26 11:43:58,395 - FrameworkServlet 'dispatcherServlet': initialization completed in 19 ms
2020-05-26 13:09:15,225 - Starting SellApplication on LAPTOP-RA493M2E with PID 10060 (F:\Projects\IDEAProjects\sell\target\classes started by 张文博 in F:\Projects\IDEAProjects\sell)
2020-05-26 13:09:15,234 - No active profile set, falling back to default profiles: default
2020-05-26 13:09:15,278 - Refreshing org.springframework.boot.context.embedded.AnnotationConfigEmbeddedWebApplicationContext@49ec71f8: startup date [Tue May 26 13:09:15 GMT+08:00 2020]; root of context hierarchy
2020-05-26 13:09:15,455 - HV000001: Hibernate Validator 5.3.5.Final
2020-05-26 13:09:17,070 - Tomcat initialized with port(s): 7070 (http)
2020-05-26 13:09:17,085 - Starting service Tomcat
2020-05-26 13:09:17,086 - Starting Servlet Engine: Apache Tomcat/8.5.14
2020-05-26 13:09:17,216 - Initializing Spring embedded WebApplicationContext
2020-05-26 13:09:17,216 - Root WebApplicationContext: initialization completed in 1939 ms
2020-05-26 13:09:17,350 - Mapping servlet: 'dispatcherServlet' to [/]
2020-05-26 13:09:17,353 - Mapping filter: 'characterEncodingFilter' to: [/*]
2020-05-26 13:09:17,354 - Mapping filter: 'hiddenHttpMethodFilter' to: [/*]
2020-05-26 13:09:17,354 - Mapping filter: 'httpPutFormContentFilter' to: [/*]
2020-05-26 13:09:17,354 - Mapping filter: 'requestContextFilter' to: [/*]
2020-05-26 13:09:18,350 - Building JPA container EntityManagerFactory for persistence unit 'default'
2020-05-26 13:09:18,362 - HHH000204: Processing PersistenceUnitInfo [
	name: default
	...]
2020-05-26 13:09:18,444 - HHH000412: Hibernate Core {5.0.12.Final}
2020-05-26 13:09:18,445 - HHH000206: hibernate.properties not found
2020-05-26 13:09:18,446 - HHH000021: Bytecode provider name : javassist
2020-05-26 13:09:18,676 - HCANN000001: Hibernate Commons Annotations {5.0.1.Final}
2020-05-26 13:09:18,833 - HHH000400: Using dialect: org.hibernate.dialect.MySQL5Dialect
2020-05-26 13:09:19,253 - Initialized JPA EntityManagerFactory for persistence unit 'default'
2020-05-26 13:09:19,753 - Looking for @ControllerAdvice: org.springframework.boot.context.embedded.AnnotationConfigEmbeddedWebApplicationContext@49ec71f8: startup date [Tue May 26 13:09:15 GMT+08:00 2020]; root of context hierarchy
2020-05-26 13:09:19,814 - Mapped "{[/buyer/order/create],methods=[POST]}" onto public com.zwb.vo.ResultVO<java.util.Map<java.lang.String, java.lang.String>> com.zwb.controller.BuyerOrderController.create(com.zwb.form.OrderForm,org.springframework.validation.BindingResult)
2020-05-26 13:09:19,815 - Mapped "{[/buyer/order/list],methods=[GET]}" onto public com.zwb.vo.ResultVO<java.util.List<com.zwb.dto.OrderDTO>> com.zwb.controller.BuyerOrderController.list(java.lang.String,java.lang.Integer,java.lang.Integer)
2020-05-26 13:09:19,815 - Mapped "{[/buyer/product/list],methods=[GET]}" onto public com.zwb.vo.ResultVO com.zwb.controller.BuyerProductController.list()
2020-05-26 13:09:19,817 - Mapped "{[/error]}" onto public org.springframework.http.ResponseEntity<java.util.Map<java.lang.String, java.lang.Object>> org.springframework.boot.autoconfigure.web.BasicErrorController.error(javax.servlet.http.HttpServletRequest)
2020-05-26 13:09:19,817 - Mapped "{[/error],produces=[text/html]}" onto public org.springframework.web.servlet.ModelAndView org.springframework.boot.autoconfigure.web.BasicErrorController.errorHtml(javax.servlet.http.HttpServletRequest,javax.servlet.http.HttpServletResponse)
2020-05-26 13:09:19,840 - Mapped URL path [/webjars/**] onto handler of type [class org.springframework.web.servlet.resource.ResourceHttpRequestHandler]
2020-05-26 13:09:19,841 - Mapped URL path [/**] onto handler of type [class org.springframework.web.servlet.resource.ResourceHttpRequestHandler]
2020-05-26 13:09:19,870 - Mapped URL path [/**/favicon.ico] onto handler of type [class org.springframework.web.servlet.resource.ResourceHttpRequestHandler]
2020-05-26 13:09:20,114 - Registering beans for JMX exposure on startup
2020-05-26 13:09:20,159 - Initializing ProtocolHandler ["http-nio-7070"]
2020-05-26 13:09:20,167 - Starting ProtocolHandler ["http-nio-7070"]
2020-05-26 13:09:20,176 - Using a shared selector for servlet write/read
2020-05-26 13:09:20,196 - Tomcat started on port(s): 7070 (http)
2020-05-26 13:09:20,201 - Started SellApplication in 5.467 seconds (JVM running for 6.89)
2020-05-26 13:10:01,468 - Initializing Spring FrameworkServlet 'dispatcherServlet'
2020-05-26 13:10:01,468 - FrameworkServlet 'dispatcherServlet': initialization started
2020-05-26 13:10:01,487 - FrameworkServlet 'dispatcherServlet': initialization completed in 19 ms
2020-05-26 13:10:01,506 - Request method 'POST' not supported
2020-05-26 13:11:12,314 - HHH000397: Using ASTQueryTranslatorFactory
2020-05-26 13:22:05,026 - Starting SellApplication on LAPTOP-RA493M2E with PID 12284 (F:\Projects\IDEAProjects\sell\target\classes started by 张文博 in F:\Projects\IDEAProjects\sell)
2020-05-26 13:22:05,029 - No active profile set, falling back to default profiles: default
2020-05-26 13:22:05,080 - Refreshing org.springframework.boot.context.embedded.AnnotationConfigEmbeddedWebApplicationContext@16d04d3d: startup date [Tue May 26 13:22:05 GMT+08:00 2020]; root of context hierarchy
2020-05-26 13:22:05,281 - HV000001: Hibernate Validator 5.3.5.Final
2020-05-26 13:22:06,519 - Tomcat initialized with port(s): 7070 (http)
2020-05-26 13:22:06,540 - Starting service Tomcat
2020-05-26 13:22:06,541 - Starting Servlet Engine: Apache Tomcat/8.5.14
2020-05-26 13:22:06,630 - Initializing Spring embedded WebApplicationContext
2020-05-26 13:22:06,631 - Root WebApplicationContext: initialization completed in 1551 ms
2020-05-26 13:22:06,785 - Mapping servlet: 'dispatcherServlet' to [/]
2020-05-26 13:22:06,788 - Mapping filter: 'characterEncodingFilter' to: [/*]
2020-05-26 13:22:06,788 - Mapping filter: 'hiddenHttpMethodFilter' to: [/*]
2020-05-26 13:22:06,789 - Mapping filter: 'httpPutFormContentFilter' to: [/*]
2020-05-26 13:22:06,789 - Mapping filter: 'requestContextFilter' to: [/*]
2020-05-26 13:22:07,215 - Building JPA container EntityManagerFactory for persistence unit 'default'
2020-05-26 13:22:07,225 - HHH000204: Processing PersistenceUnitInfo [
	name: default
	...]
2020-05-26 13:22:07,286 - HHH000412: Hibernate Core {5.0.12.Final}
2020-05-26 13:22:07,288 - HHH000206: hibernate.properties not found
2020-05-26 13:22:07,289 - HHH000021: Bytecode provider name : javassist
2020-05-26 13:22:07,335 - HCANN000001: Hibernate Commons Annotations {5.0.1.Final}
2020-05-26 13:22:07,453 - HHH000400: Using dialect: org.hibernate.dialect.MySQL5Dialect
2020-05-26 13:22:07,853 - Initialized JPA EntityManagerFactory for persistence unit 'default'
2020-05-26 13:22:08,303 - Looking for @ControllerAdvice: org.springframework.boot.context.embedded.AnnotationConfigEmbeddedWebApplicationContext@16d04d3d: startup date [Tue May 26 13:22:05 GMT+08:00 2020]; root of context hierarchy
2020-05-26 13:22:08,363 - Mapped "{[/buyer/order/create],methods=[POST]}" onto public com.zwb.vo.ResultVO<java.util.Map<java.lang.String, java.lang.String>> com.zwb.controller.BuyerOrderController.create(com.zwb.form.OrderForm,org.springframework.validation.BindingResult)
2020-05-26 13:22:08,364 - Mapped "{[/buyer/order/list],methods=[GET]}" onto public com.zwb.vo.ResultVO<java.util.List<com.zwb.dto.OrderDTO>> com.zwb.controller.BuyerOrderController.list(java.lang.String,java.lang.Integer,java.lang.Integer)
2020-05-26 13:22:08,364 - Mapped "{[/buyer/product/list],methods=[GET]}" onto public com.zwb.vo.ResultVO com.zwb.controller.BuyerProductController.list()
2020-05-26 13:22:08,366 - Mapped "{[/error]}" onto public org.springframework.http.ResponseEntity<java.util.Map<java.lang.String, java.lang.Object>> org.springframework.boot.autoconfigure.web.BasicErrorController.error(javax.servlet.http.HttpServletRequest)
2020-05-26 13:22:08,366 - Mapped "{[/error],produces=[text/html]}" onto public org.springframework.web.servlet.ModelAndView org.springframework.boot.autoconfigure.web.BasicErrorController.errorHtml(javax.servlet.http.HttpServletRequest,javax.servlet.http.HttpServletResponse)
2020-05-26 13:22:08,392 - Mapped URL path [/webjars/**] onto handler of type [class org.springframework.web.servlet.resource.ResourceHttpRequestHandler]
2020-05-26 13:22:08,392 - Mapped URL path [/**] onto handler of type [class org.springframework.web.servlet.resource.ResourceHttpRequestHandler]
2020-05-26 13:22:08,420 - Mapped URL path [/**/favicon.ico] onto handler of type [class org.springframework.web.servlet.resource.ResourceHttpRequestHandler]
2020-05-26 13:22:08,674 - Registering beans for JMX exposure on startup
2020-05-26 13:22:08,687 - Initializing ProtocolHandler ["http-nio-7070"]
2020-05-26 13:22:08,695 - Starting ProtocolHandler ["http-nio-7070"]
2020-05-26 13:22:08,706 - Using a shared selector for servlet write/read
2020-05-26 13:22:08,720 - Tomcat started on port(s): 7070 (http)
2020-05-26 13:22:08,723 - Started SellApplication in 4.045 seconds (JVM running for 5.319)
2020-05-26 13:22:12,899 - Initializing Spring FrameworkServlet 'dispatcherServlet'
2020-05-26 13:22:12,900 - FrameworkServlet 'dispatcherServlet': initialization started
2020-05-26 13:22:12,917 - FrameworkServlet 'dispatcherServlet': initialization completed in 17 ms
2020-05-26 13:22:12,962 - HHH000397: Using ASTQueryTranslatorFactory
2020-05-26 13:30:40,971 - Starting SellApplication on LAPTOP-RA493M2E with PID 14920 (F:\Projects\IDEAProjects\sell\target\classes started by 张文博 in F:\Projects\IDEAProjects\sell)
2020-05-26 13:30:40,973 - No active profile set, falling back to default profiles: default
2020-05-26 13:30:41,027 - Refreshing org.springframework.boot.context.embedded.AnnotationConfigEmbeddedWebApplicationContext@564fabc8: startup date [Tue May 26 13:30:41 GMT+08:00 2020]; root of context hierarchy
2020-05-26 13:30:41,297 - HV000001: Hibernate Validator 5.3.5.Final
2020-05-26 13:30:42,404 - Tomcat initialized with port(s): 7070 (http)
2020-05-26 13:30:42,415 - Starting service Tomcat
2020-05-26 13:30:42,416 - Starting Servlet Engine: Apache Tomcat/8.5.14
2020-05-26 13:30:42,494 - Initializing Spring embedded WebApplicationContext
2020-05-26 13:30:42,495 - Root WebApplicationContext: initialization completed in 1468 ms
2020-05-26 13:30:42,615 - Mapping servlet: 'dispatcherServlet' to [/]
2020-05-26 13:30:42,618 - Mapping filter: 'characterEncodingFilter' to: [/*]
2020-05-26 13:30:42,619 - Mapping filter: 'hiddenHttpMethodFilter' to: [/*]
2020-05-26 13:30:42,619 - Mapping filter: 'httpPutFormContentFilter' to: [/*]
2020-05-26 13:30:42,619 - Mapping filter: 'requestContextFilter' to: [/*]
2020-05-26 13:30:43,086 - Building JPA container EntityManagerFactory for persistence unit 'default'
2020-05-26 13:30:43,096 - HHH000204: Processing PersistenceUnitInfo [
	name: default
	...]
2020-05-26 13:30:43,243 - HHH000412: Hibernate Core {5.0.12.Final}
2020-05-26 13:30:43,249 - HHH000206: hibernate.properties not found
2020-05-26 13:30:43,253 - HHH000021: Bytecode provider name : javassist
2020-05-26 13:30:43,299 - HCANN000001: Hibernate Commons Annotations {5.0.1.Final}
2020-05-26 13:30:43,417 - HHH000400: Using dialect: org.hibernate.dialect.MySQL5Dialect
2020-05-26 13:30:43,830 - Initialized JPA EntityManagerFactory for persistence unit 'default'
2020-05-26 13:30:44,325 - Looking for @ControllerAdvice: org.springframework.boot.context.embedded.AnnotationConfigEmbeddedWebApplicationContext@564fabc8: startup date [Tue May 26 13:30:41 GMT+08:00 2020]; root of context hierarchy
2020-05-26 13:30:44,387 - Mapped "{[/buyer/order/create],methods=[POST]}" onto public com.zwb.vo.ResultVO<java.util.Map<java.lang.String, java.lang.String>> com.zwb.controller.BuyerOrderController.create(com.zwb.form.OrderForm,org.springframework.validation.BindingResult)
2020-05-26 13:30:44,389 - Mapped "{[/buyer/order/list],methods=[GET]}" onto public com.zwb.vo.ResultVO<java.util.List<com.zwb.dto.OrderDTO>> com.zwb.controller.BuyerOrderController.list(java.lang.String,java.lang.Integer,java.lang.Integer)
2020-05-26 13:30:44,389 - Mapped "{[/buyer/product/list],methods=[GET]}" onto public com.zwb.vo.ResultVO com.zwb.controller.BuyerProductController.list()
2020-05-26 13:30:44,391 - Mapped "{[/error]}" onto public org.springframework.http.ResponseEntity<java.util.Map<java.lang.String, java.lang.Object>> org.springframework.boot.autoconfigure.web.BasicErrorController.error(javax.servlet.http.HttpServletRequest)
2020-05-26 13:30:44,391 - Mapped "{[/error],produces=[text/html]}" onto public org.springframework.web.servlet.ModelAndView org.springframework.boot.autoconfigure.web.BasicErrorController.errorHtml(javax.servlet.http.HttpServletRequest,javax.servlet.http.HttpServletResponse)
2020-05-26 13:30:44,421 - Mapped URL path [/webjars/**] onto handler of type [class org.springframework.web.servlet.resource.ResourceHttpRequestHandler]
2020-05-26 13:30:44,421 - Mapped URL path [/**] onto handler of type [class org.springframework.web.servlet.resource.ResourceHttpRequestHandler]
2020-05-26 13:30:44,465 - Mapped URL path [/**/favicon.ico] onto handler of type [class org.springframework.web.servlet.resource.ResourceHttpRequestHandler]
2020-05-26 13:30:44,716 - Registering beans for JMX exposure on startup
2020-05-26 13:30:44,730 - Initializing ProtocolHandler ["http-nio-7070"]
2020-05-26 13:30:44,738 - Starting ProtocolHandler ["http-nio-7070"]
2020-05-26 13:30:44,748 - Using a shared selector for servlet write/read
2020-05-26 13:30:44,775 - Tomcat started on port(s): 7070 (http)
2020-05-26 13:30:44,779 - Started SellApplication in 4.202 seconds (JVM running for 5.423)
2020-05-26 13:30:51,087 - Initializing Spring FrameworkServlet 'dispatcherServlet'
2020-05-26 13:30:51,087 - FrameworkServlet 'dispatcherServlet': initialization started
2020-05-26 13:30:51,105 - FrameworkServlet 'dispatcherServlet': initialization completed in 18 ms
2020-05-26 13:30:51,142 - HHH000397: Using ASTQueryTranslatorFactory
2020-05-26 16:31:56,092 - Starting SellApplication on LAPTOP-RA493M2E with PID 4880 (F:\Projects\IDEAProjects\sell\target\classes started by 张文博 in F:\Projects\IDEAProjects\sell)
2020-05-26 16:31:56,096 - No active profile set, falling back to default profiles: default
2020-05-26 16:31:56,266 - Refreshing org.springframework.boot.context.embedded.AnnotationConfigEmbeddedWebApplicationContext@74fe5c40: startup date [Tue May 26 16:31:56 GMT+08:00 2020]; root of context hierarchy
2020-05-26 16:31:56,430 - HV000001: Hibernate Validator 5.3.5.Final
2020-05-26 16:31:57,793 - Tomcat initialized with port(s): 7070 (http)
2020-05-26 16:31:57,820 - Starting service Tomcat
2020-05-26 16:31:57,821 - Starting Servlet Engine: Apache Tomcat/8.5.14
2020-05-26 16:31:57,936 - Initializing Spring embedded WebApplicationContext
2020-05-26 16:31:57,936 - Root WebApplicationContext: initialization completed in 1670 ms
2020-05-26 16:31:58,076 - Mapping servlet: 'dispatcherServlet' to [/]
2020-05-26 16:31:58,082 - Mapping filter: 'characterEncodingFilter' to: [/*]
2020-05-26 16:31:58,082 - Mapping filter: 'hiddenHttpMethodFilter' to: [/*]
2020-05-26 16:31:58,083 - Mapping filter: 'httpPutFormContentFilter' to: [/*]
2020-05-26 16:31:58,083 - Mapping filter: 'requestContextFilter' to: [/*]
2020-05-26 16:31:58,997 - Building JPA container EntityManagerFactory for persistence unit 'default'
2020-05-26 16:31:59,012 - HHH000204: Processing PersistenceUnitInfo [
	name: default
	...]
2020-05-26 16:31:59,089 - HHH000412: Hibernate Core {5.0.12.Final}
2020-05-26 16:31:59,090 - HHH000206: hibernate.properties not found
2020-05-26 16:31:59,091 - HHH000021: Bytecode provider name : javassist
2020-05-26 16:31:59,135 - HCANN000001: Hibernate Commons Annotations {5.0.1.Final}
2020-05-26 16:31:59,284 - HHH000400: Using dialect: org.hibernate.dialect.MySQL5Dialect
2020-05-26 16:31:59,713 - Initialized JPA EntityManagerFactory for persistence unit 'default'
2020-05-26 16:32:00,150 - Looking for @ControllerAdvice: org.springframework.boot.context.embedded.AnnotationConfigEmbeddedWebApplicationContext@74fe5c40: startup date [Tue May 26 16:31:56 GMT+08:00 2020]; root of context hierarchy
2020-05-26 16:32:00,204 - Mapped "{[/buyer/order/create],methods=[POST]}" onto public com.zwb.vo.ResultVO<java.util.Map<java.lang.String, java.lang.String>> com.zwb.controller.BuyerOrderController.create(com.zwb.form.OrderForm,org.springframework.validation.BindingResult)
2020-05-26 16:32:00,205 - Mapped "{[/buyer/order/list],methods=[GET]}" onto public com.zwb.vo.ResultVO<java.util.List<com.zwb.dto.OrderDTO>> com.zwb.controller.BuyerOrderController.list(java.lang.String,java.lang.Integer,java.lang.Integer)
2020-05-26 16:32:00,205 - Mapped "{[/buyer/order/detail],methods=[GET]}" onto public com.zwb.vo.ResultVO<com.zwb.dto.OrderDTO> com.zwb.controller.BuyerOrderController.detail(java.lang.String,java.lang.String)
2020-05-26 16:32:00,205 - Mapped "{[/buyer/product/list],methods=[GET]}" onto public com.zwb.vo.ResultVO com.zwb.controller.BuyerProductController.list()
2020-05-26 16:32:00,207 - Mapped "{[/error]}" onto public org.springframework.http.ResponseEntity<java.util.Map<java.lang.String, java.lang.Object>> org.springframework.boot.autoconfigure.web.BasicErrorController.error(javax.servlet.http.HttpServletRequest)
2020-05-26 16:32:00,207 - Mapped "{[/error],produces=[text/html]}" onto public org.springframework.web.servlet.ModelAndView org.springframework.boot.autoconfigure.web.BasicErrorController.errorHtml(javax.servlet.http.HttpServletRequest,javax.servlet.http.HttpServletResponse)
2020-05-26 16:32:00,229 - Mapped URL path [/webjars/**] onto handler of type [class org.springframework.web.servlet.resource.ResourceHttpRequestHandler]
2020-05-26 16:32:00,229 - Mapped URL path [/**] onto handler of type [class org.springframework.web.servlet.resource.ResourceHttpRequestHandler]
2020-05-26 16:32:00,257 - Mapped URL path [/**/favicon.ico] onto handler of type [class org.springframework.web.servlet.resource.ResourceHttpRequestHandler]
2020-05-26 16:32:00,499 - Registering beans for JMX exposure on startup
2020-05-26 16:32:00,514 - Initializing ProtocolHandler ["http-nio-7070"]
2020-05-26 16:32:00,521 - Starting ProtocolHandler ["http-nio-7070"]
2020-05-26 16:32:00,531 - Using a shared selector for servlet write/read
2020-05-26 16:32:00,545 - Tomcat started on port(s): 7070 (http)
2020-05-26 16:32:00,549 - Started SellApplication in 5.418 seconds (JVM running for 7.494)
2020-05-26 16:32:09,038 - Initializing Spring FrameworkServlet 'dispatcherServlet'
2020-05-26 16:32:09,038 - FrameworkServlet 'dispatcherServlet': initialization started
2020-05-26 16:32:09,060 - FrameworkServlet 'dispatcherServlet': initialization completed in 22 ms
2020-05-26 16:32:09,160 - HHH000397: Using ASTQueryTranslatorFactory
