2020-05-21 13:35:52,004 - Starting OrderMasterRepositoryTest on LAPTOP-RA493M2E with PID 9384 (started by 张文博 in F:\Projects\IDEAProjects\sell)
2020-05-21 13:35:52,004 - No active profile set, falling back to default profiles: default
2020-05-21 13:35:52,197 - Refreshing org.springframework.web.context.support.GenericWebApplicationContext@231f98ef: startup date [Thu May 21 13:35:52 GMT+08:00 2020]; root of context hierarchy
2020-05-21 13:35:52,785 - HV000001: Hibernate Validator 5.3.5.Final
2020-05-21 13:35:54,849 - Building JPA container EntityManagerFactory for persistence unit 'default'
2020-05-21 13:35:54,879 - HHH000204: Processing PersistenceUnitInfo [
	name: default
	...]
2020-05-21 13:35:54,977 - HHH000412: Hibernate Core {5.0.12.Final}
2020-05-21 13:35:54,979 - HHH000206: hibernate.properties not found
2020-05-21 13:35:54,980 - HHH000021: Bytecode provider name : javassist
2020-05-21 13:35:55,048 - HCANN000001: Hibernate Commons Annotations {5.0.1.Final}
2020-05-21 13:35:55,215 - HHH000400: Using dialect: org.hibernate.dialect.MySQL5Dialect
2020-05-21 13:35:56,442 - Initialized JPA EntityManagerFactory for persistence unit 'default'
2020-05-21 13:35:57,565 - Looking for @ControllerAdvice: org.springframework.web.context.support.GenericWebApplicationContext@231f98ef: startup date [Thu May 21 13:35:52 GMT+08:00 2020]; root of context hierarchy
2020-05-21 13:35:57,664 - Mapped "{[/buyer/product/list],methods=[GET]}" onto public com.zwb.vo.ResultVO com.zwb.controller.BuyerProductController.list()
2020-05-21 13:35:57,666 - Mapped "{[/error]}" onto public org.springframework.http.ResponseEntity<java.util.Map<java.lang.String, java.lang.Object>> org.springframework.boot.autoconfigure.web.BasicErrorController.error(javax.servlet.http.HttpServletRequest)
2020-05-21 13:35:57,667 - Mapped "{[/error],produces=[text/html]}" onto public org.springframework.web.servlet.ModelAndView org.springframework.boot.autoconfigure.web.BasicErrorController.errorHtml(javax.servlet.http.HttpServletRequest,javax.servlet.http.HttpServletResponse)
2020-05-21 13:35:57,695 - Mapped URL path [/webjars/**] onto handler of type [class org.springframework.web.servlet.resource.ResourceHttpRequestHandler]
2020-05-21 13:35:57,695 - Mapped URL path [/**] onto handler of type [class org.springframework.web.servlet.resource.ResourceHttpRequestHandler]
2020-05-21 13:35:57,731 - Mapped URL path [/**/favicon.ico] onto handler of type [class org.springframework.web.servlet.resource.ResourceHttpRequestHandler]
2020-05-21 13:35:58,001 - Started OrderMasterRepositoryTest in 7.207 seconds (JVM running for 9.124)
2020-05-21 13:35:58,073 - HHH000397: Using ASTQueryTranslatorFactory
2020-05-21 13:35:58,255 - Closing org.springframework.web.context.support.GenericWebApplicationContext@231f98ef: startup date [Thu May 21 13:35:52 GMT+08:00 2020]; root of context hierarchy
2020-05-21 13:35:58,260 - Closing JPA EntityManagerFactory for persistence unit 'default'
2020-05-21 13:36:34,677 - Starting OrderMasterRepositoryTest on LAPTOP-RA493M2E with PID 8072 (started by 张文博 in F:\Projects\IDEAProjects\sell)
2020-05-21 13:36:34,677 - No active profile set, falling back to default profiles: default
2020-05-21 13:36:34,725 - Refreshing org.springframework.web.context.support.GenericWebApplicationContext@557a1e2d: startup date [Thu May 21 13:36:34 GMT+08:00 2020]; root of context hierarchy
2020-05-21 13:36:35,247 - HV000001: Hibernate Validator 5.3.5.Final
2020-05-21 13:36:37,230 - Building JPA container EntityManagerFactory for persistence unit 'default'
2020-05-21 13:36:37,251 - HHH000204: Processing PersistenceUnitInfo [
	name: default
	...]
2020-05-21 13:36:37,344 - HHH000412: Hibernate Core {5.0.12.Final}
2020-05-21 13:36:37,346 - HHH000206: hibernate.properties not found
2020-05-21 13:36:37,348 - HHH000021: Bytecode provider name : javassist
2020-05-21 13:36:37,400 - HCANN000001: Hibernate Commons Annotations {5.0.1.Final}
2020-05-21 13:36:37,591 - HHH000400: Using dialect: org.hibernate.dialect.MySQL5Dialect
2020-05-21 13:36:38,891 - Initialized JPA EntityManagerFactory for persistence unit 'default'
2020-05-21 13:36:39,871 - Looking for @ControllerAdvice: org.springframework.web.context.support.GenericWebApplicationContext@557a1e2d: startup date [Thu May 21 13:36:34 GMT+08:00 2020]; root of context hierarchy
2020-05-21 13:36:39,964 - Mapped "{[/buyer/product/list],methods=[GET]}" onto public com.zwb.vo.ResultVO com.zwb.controller.BuyerProductController.list()
2020-05-21 13:36:39,966 - Mapped "{[/error]}" onto public org.springframework.http.ResponseEntity<java.util.Map<java.lang.String, java.lang.Object>> org.springframework.boot.autoconfigure.web.BasicErrorController.error(javax.servlet.http.HttpServletRequest)
2020-05-21 13:36:39,967 - Mapped "{[/error],produces=[text/html]}" onto public org.springframework.web.servlet.ModelAndView org.springframework.boot.autoconfigure.web.BasicErrorController.errorHtml(javax.servlet.http.HttpServletRequest,javax.servlet.http.HttpServletResponse)
2020-05-21 13:36:40,002 - Mapped URL path [/webjars/**] onto handler of type [class org.springframework.web.servlet.resource.ResourceHttpRequestHandler]
2020-05-21 13:36:40,002 - Mapped URL path [/**] onto handler of type [class org.springframework.web.servlet.resource.ResourceHttpRequestHandler]
2020-05-21 13:36:40,057 - Mapped URL path [/**/favicon.ico] onto handler of type [class org.springframework.web.servlet.resource.ResourceHttpRequestHandler]
2020-05-21 13:36:40,449 - Started OrderMasterRepositoryTest in 6.374 seconds (JVM running for 8.587)
2020-05-21 13:36:40,559 - HHH000397: Using ASTQueryTranslatorFactory
2020-05-21 13:37:22,324 - Closing org.springframework.web.context.support.GenericWebApplicationContext@557a1e2d: startup date [Thu May 21 13:36:34 GMT+08:00 2020]; root of context hierarchy
2020-05-21 13:37:22,329 - Closing JPA EntityManagerFactory for persistence unit 'default'
2020-05-21 13:46:15,667 - Starting OrderDetailRepositoryTest on LAPTOP-RA493M2E with PID 14896 (started by 张文博 in F:\Projects\IDEAProjects\sell)
2020-05-21 13:46:15,668 - No active profile set, falling back to default profiles: default
2020-05-21 13:46:15,718 - Refreshing org.springframework.web.context.support.GenericWebApplicationContext@231f98ef: startup date [Thu May 21 13:46:15 GMT+08:00 2020]; root of context hierarchy
2020-05-21 13:46:16,376 - HV000001: Hibernate Validator 5.3.5.Final
2020-05-21 13:46:18,854 - Building JPA container EntityManagerFactory for persistence unit 'default'
2020-05-21 13:46:18,876 - HHH000204: Processing PersistenceUnitInfo [
	name: default
	...]
2020-05-21 13:46:18,975 - HHH000412: Hibernate Core {5.0.12.Final}
2020-05-21 13:46:18,976 - HHH000206: hibernate.properties not found
2020-05-21 13:46:18,978 - HHH000021: Bytecode provider name : javassist
2020-05-21 13:46:19,027 - HCANN000001: Hibernate Commons Annotations {5.0.1.Final}
2020-05-21 13:46:19,164 - HHH000400: Using dialect: org.hibernate.dialect.MySQL5Dialect
2020-05-21 13:46:20,291 - Initialized JPA EntityManagerFactory for persistence unit 'default'
2020-05-21 13:46:21,133 - Looking for @ControllerAdvice: org.springframework.web.context.support.GenericWebApplicationContext@231f98ef: startup date [Thu May 21 13:46:15 GMT+08:00 2020]; root of context hierarchy
2020-05-21 13:46:21,213 - Mapped "{[/buyer/product/list],methods=[GET]}" onto public com.zwb.vo.ResultVO com.zwb.controller.BuyerProductController.list()
2020-05-21 13:46:21,216 - Mapped "{[/error]}" onto public org.springframework.http.ResponseEntity<java.util.Map<java.lang.String, java.lang.Object>> org.springframework.boot.autoconfigure.web.BasicErrorController.error(javax.servlet.http.HttpServletRequest)
2020-05-21 13:46:21,216 - Mapped "{[/error],produces=[text/html]}" onto public org.springframework.web.servlet.ModelAndView org.springframework.boot.autoconfigure.web.BasicErrorController.errorHtml(javax.servlet.http.HttpServletRequest,javax.servlet.http.HttpServletResponse)
2020-05-21 13:46:21,247 - Mapped URL path [/webjars/**] onto handler of type [class org.springframework.web.servlet.resource.ResourceHttpRequestHandler]
2020-05-21 13:46:21,247 - Mapped URL path [/**] onto handler of type [class org.springframework.web.servlet.resource.ResourceHttpRequestHandler]
2020-05-21 13:46:21,287 - Mapped URL path [/**/favicon.ico] onto handler of type [class org.springframework.web.servlet.resource.ResourceHttpRequestHandler]
2020-05-21 13:46:21,547 - Started OrderDetailRepositoryTest in 6.36 seconds (JVM running for 7.252)
2020-05-21 13:46:21,698 - Closing org.springframework.web.context.support.GenericWebApplicationContext@231f98ef: startup date [Thu May 21 13:46:15 GMT+08:00 2020]; root of context hierarchy
2020-05-21 13:46:21,702 - Closing JPA EntityManagerFactory for persistence unit 'default'
2020-05-21 13:47:48,486 - Starting OrderDetailRepositoryTest on LAPTOP-RA493M2E with PID 17904 (started by 张文博 in F:\Projects\IDEAProjects\sell)
2020-05-21 13:47:48,487 - No active profile set, falling back to default profiles: default
2020-05-21 13:47:48,530 - Refreshing org.springframework.web.context.support.GenericWebApplicationContext@40e10ff8: startup date [Thu May 21 13:47:48 GMT+08:00 2020]; root of context hierarchy
2020-05-21 13:47:49,391 - HV000001: Hibernate Validator 5.3.5.Final
2020-05-21 13:47:53,015 - Building JPA container EntityManagerFactory for persistence unit 'default'
2020-05-21 13:47:53,040 - HHH000204: Processing PersistenceUnitInfo [
	name: default
	...]
2020-05-21 13:47:53,202 - HHH000412: Hibernate Core {5.0.12.Final}
2020-05-21 13:47:53,208 - HHH000206: hibernate.properties not found
2020-05-21 13:47:53,210 - HHH000021: Bytecode provider name : javassist
2020-05-21 13:47:53,358 - HCANN000001: Hibernate Commons Annotations {5.0.1.Final}
2020-05-21 13:47:53,675 - HHH000400: Using dialect: org.hibernate.dialect.MySQL5Dialect
2020-05-21 13:47:54,232 - Starting OrderDetailRepositoryTest on LAPTOP-RA493M2E with PID 9500 (started by 张文博 in F:\Projects\IDEAProjects\sell)
2020-05-21 13:47:54,233 - No active profile set, falling back to default profiles: default
2020-05-21 13:47:54,274 - Refreshing org.springframework.web.context.support.GenericWebApplicationContext@7c137fd5: startup date [Thu May 21 13:47:54 GMT+08:00 2020]; root of context hierarchy
2020-05-21 13:47:54,795 - HV000001: Hibernate Validator 5.3.5.Final
2020-05-21 13:47:57,724 - Building JPA container EntityManagerFactory for persistence unit 'default'
2020-05-21 13:47:57,755 - HHH000204: Processing PersistenceUnitInfo [
	name: default
	...]
2020-05-21 13:47:57,857 - HHH000412: Hibernate Core {5.0.12.Final}
2020-05-21 13:47:57,859 - HHH000206: hibernate.properties not found
2020-05-21 13:47:57,861 - HHH000021: Bytecode provider name : javassist
2020-05-21 13:47:57,923 - HCANN000001: Hibernate Commons Annotations {5.0.1.Final}
2020-05-21 13:47:58,074 - Initialized JPA EntityManagerFactory for persistence unit 'default'
2020-05-21 13:47:58,093 - HHH000400: Using dialect: org.hibernate.dialect.MySQL5Dialect
2020-05-21 13:47:59,944 - Looking for @ControllerAdvice: org.springframework.web.context.support.GenericWebApplicationContext@40e10ff8: startup date [Thu May 21 13:47:48 GMT+08:00 2020]; root of context hierarchy
2020-05-21 13:48:00,167 - Mapped "{[/buyer/product/list],methods=[GET]}" onto public com.zwb.vo.ResultVO com.zwb.controller.BuyerProductController.list()
2020-05-21 13:48:00,174 - Mapped "{[/error]}" onto public org.springframework.http.ResponseEntity<java.util.Map<java.lang.String, java.lang.Object>> org.springframework.boot.autoconfigure.web.BasicErrorController.error(javax.servlet.http.HttpServletRequest)
2020-05-21 13:48:00,175 - Mapped "{[/error],produces=[text/html]}" onto public org.springframework.web.servlet.ModelAndView org.springframework.boot.autoconfigure.web.BasicErrorController.errorHtml(javax.servlet.http.HttpServletRequest,javax.servlet.http.HttpServletResponse)
2020-05-21 13:48:00,286 - Mapped URL path [/webjars/**] onto handler of type [class org.springframework.web.servlet.resource.ResourceHttpRequestHandler]
2020-05-21 13:48:00,286 - Mapped URL path [/**] onto handler of type [class org.springframework.web.servlet.resource.ResourceHttpRequestHandler]
2020-05-21 13:48:00,361 - Mapped URL path [/**/favicon.ico] onto handler of type [class org.springframework.web.servlet.resource.ResourceHttpRequestHandler]
2020-05-21 13:48:00,629 - Initialized JPA EntityManagerFactory for persistence unit 'default'
2020-05-21 13:48:01,192 - Started OrderDetailRepositoryTest in 13.37 seconds (JVM running for 14.877)
2020-05-21 13:48:01,890 - Closing org.springframework.web.context.support.GenericWebApplicationContext@40e10ff8: startup date [Thu May 21 13:47:48 GMT+08:00 2020]; root of context hierarchy
2020-05-21 13:48:01,894 - Closing JPA EntityManagerFactory for persistence unit 'default'
2020-05-21 13:48:02,719 - Looking for @ControllerAdvice: org.springframework.web.context.support.GenericWebApplicationContext@7c137fd5: startup date [Thu May 21 13:47:54 GMT+08:00 2020]; root of context hierarchy
2020-05-21 13:48:03,164 - Mapped "{[/buyer/product/list],methods=[GET]}" onto public com.zwb.vo.ResultVO com.zwb.controller.BuyerProductController.list()
2020-05-21 13:48:03,179 - Mapped "{[/error]}" onto public org.springframework.http.ResponseEntity<java.util.Map<java.lang.String, java.lang.Object>> org.springframework.boot.autoconfigure.web.BasicErrorController.error(javax.servlet.http.HttpServletRequest)
2020-05-21 13:48:03,181 - Mapped "{[/error],produces=[text/html]}" onto public org.springframework.web.servlet.ModelAndView org.springframework.boot.autoconfigure.web.BasicErrorController.errorHtml(javax.servlet.http.HttpServletRequest,javax.servlet.http.HttpServletResponse)
2020-05-21 13:48:03,255 - Mapped URL path [/webjars/**] onto handler of type [class org.springframework.web.servlet.resource.ResourceHttpRequestHandler]
2020-05-21 13:48:03,256 - Mapped URL path [/**] onto handler of type [class org.springframework.web.servlet.resource.ResourceHttpRequestHandler]
2020-05-21 13:48:03,379 - Mapped URL path [/**/favicon.ico] onto handler of type [class org.springframework.web.servlet.resource.ResourceHttpRequestHandler]
2020-05-21 13:48:04,102 - Started OrderDetailRepositoryTest in 10.643 seconds (JVM running for 12.167)
2020-05-21 13:48:04,386 - Closing org.springframework.web.context.support.GenericWebApplicationContext@7c137fd5: startup date [Thu May 21 13:47:54 GMT+08:00 2020]; root of context hierarchy
2020-05-21 13:48:04,391 - Closing JPA EntityManagerFactory for persistence unit 'default'
2020-05-21 13:48:49,966 - Starting OrderDetailRepositoryTest on LAPTOP-RA493M2E with PID 16352 (started by 张文博 in F:\Projects\IDEAProjects\sell)
2020-05-21 13:48:49,967 - No active profile set, falling back to default profiles: default
2020-05-21 13:48:50,008 - Refreshing org.springframework.web.context.support.GenericWebApplicationContext@231f98ef: startup date [Thu May 21 13:48:50 GMT+08:00 2020]; root of context hierarchy
2020-05-21 13:48:50,574 - HV000001: Hibernate Validator 5.3.5.Final
2020-05-21 13:48:53,188 - Building JPA container EntityManagerFactory for persistence unit 'default'
2020-05-21 13:48:53,205 - HHH000204: Processing PersistenceUnitInfo [
	name: default
	...]
2020-05-21 13:48:53,300 - HHH000412: Hibernate Core {5.0.12.Final}
2020-05-21 13:48:53,303 - HHH000206: hibernate.properties not found
2020-05-21 13:48:53,308 - HHH000021: Bytecode provider name : javassist
2020-05-21 13:48:53,362 - HCANN000001: Hibernate Commons Annotations {5.0.1.Final}
2020-05-21 13:48:53,561 - HHH000400: Using dialect: org.hibernate.dialect.MySQL5Dialect
2020-05-21 13:48:54,849 - Initialized JPA EntityManagerFactory for persistence unit 'default'
2020-05-21 13:48:56,050 - Looking for @ControllerAdvice: org.springframework.web.context.support.GenericWebApplicationContext@231f98ef: startup date [Thu May 21 13:48:50 GMT+08:00 2020]; root of context hierarchy
2020-05-21 13:48:56,141 - Mapped "{[/buyer/product/list],methods=[GET]}" onto public com.zwb.vo.ResultVO com.zwb.controller.BuyerProductController.list()
2020-05-21 13:48:56,144 - Mapped "{[/error]}" onto public org.springframework.http.ResponseEntity<java.util.Map<java.lang.String, java.lang.Object>> org.springframework.boot.autoconfigure.web.BasicErrorController.error(javax.servlet.http.HttpServletRequest)
2020-05-21 13:48:56,147 - Mapped "{[/error],produces=[text/html]}" onto public org.springframework.web.servlet.ModelAndView org.springframework.boot.autoconfigure.web.BasicErrorController.errorHtml(javax.servlet.http.HttpServletRequest,javax.servlet.http.HttpServletResponse)
2020-05-21 13:48:56,172 - Mapped URL path [/webjars/**] onto handler of type [class org.springframework.web.servlet.resource.ResourceHttpRequestHandler]
2020-05-21 13:48:56,172 - Mapped URL path [/**] onto handler of type [class org.springframework.web.servlet.resource.ResourceHttpRequestHandler]
2020-05-21 13:48:56,211 - Mapped URL path [/**/favicon.ico] onto handler of type [class org.springframework.web.servlet.resource.ResourceHttpRequestHandler]
2020-05-21 13:48:56,809 - Started OrderDetailRepositoryTest in 7.444 seconds (JVM running for 8.41)
2020-05-21 13:48:56,995 - Closing org.springframework.web.context.support.GenericWebApplicationContext@231f98ef: startup date [Thu May 21 13:48:50 GMT+08:00 2020]; root of context hierarchy
2020-05-21 13:48:57,000 - Closing JPA EntityManagerFactory for persistence unit 'default'
2020-05-21 13:50:53,049 - Starting OrderDetailRepositoryTest on LAPTOP-RA493M2E with PID 8760 (started by 张文博 in F:\Projects\IDEAProjects\sell)
2020-05-21 13:50:53,049 - No active profile set, falling back to default profiles: default
2020-05-21 13:50:53,106 - Refreshing org.springframework.web.context.support.GenericWebApplicationContext@557a1e2d: startup date [Thu May 21 13:50:53 GMT+08:00 2020]; root of context hierarchy
2020-05-21 13:50:53,681 - HV000001: Hibernate Validator 5.3.5.Final
2020-05-21 13:50:56,601 - Building JPA container EntityManagerFactory for persistence unit 'default'
2020-05-21 13:50:56,620 - HHH000204: Processing PersistenceUnitInfo [
	name: default
	...]
2020-05-21 13:50:56,701 - HHH000412: Hibernate Core {5.0.12.Final}
2020-05-21 13:50:56,702 - HHH000206: hibernate.properties not found
2020-05-21 13:50:56,703 - HHH000021: Bytecode provider name : javassist
2020-05-21 13:50:56,749 - HCANN000001: Hibernate Commons Annotations {5.0.1.Final}
2020-05-21 13:50:56,924 - HHH000400: Using dialect: org.hibernate.dialect.MySQL5Dialect
2020-05-21 13:50:58,231 - Initialized JPA EntityManagerFactory for persistence unit 'default'
2020-05-21 13:50:59,284 - Looking for @ControllerAdvice: org.springframework.web.context.support.GenericWebApplicationContext@557a1e2d: startup date [Thu May 21 13:50:53 GMT+08:00 2020]; root of context hierarchy
2020-05-21 13:50:59,402 - Mapped "{[/buyer/product/list],methods=[GET]}" onto public com.zwb.vo.ResultVO com.zwb.controller.BuyerProductController.list()
2020-05-21 13:50:59,406 - Mapped "{[/error]}" onto public org.springframework.http.ResponseEntity<java.util.Map<java.lang.String, java.lang.Object>> org.springframework.boot.autoconfigure.web.BasicErrorController.error(javax.servlet.http.HttpServletRequest)
2020-05-21 13:50:59,407 - Mapped "{[/error],produces=[text/html]}" onto public org.springframework.web.servlet.ModelAndView org.springframework.boot.autoconfigure.web.BasicErrorController.errorHtml(javax.servlet.http.HttpServletRequest,javax.servlet.http.HttpServletResponse)
2020-05-21 13:50:59,449 - Mapped URL path [/webjars/**] onto handler of type [class org.springframework.web.servlet.resource.ResourceHttpRequestHandler]
2020-05-21 13:50:59,449 - Mapped URL path [/**] onto handler of type [class org.springframework.web.servlet.resource.ResourceHttpRequestHandler]
2020-05-21 13:50:59,540 - Mapped URL path [/**/favicon.ico] onto handler of type [class org.springframework.web.servlet.resource.ResourceHttpRequestHandler]
2020-05-21 13:50:59,988 - Started OrderDetailRepositoryTest in 7.587 seconds (JVM running for 8.871)
2020-05-21 13:51:00,107 - HHH000397: Using ASTQueryTranslatorFactory
2020-05-21 13:51:33,071 - Closing org.springframework.web.context.support.GenericWebApplicationContext@557a1e2d: startup date [Thu May 21 13:50:53 GMT+08:00 2020]; root of context hierarchy
2020-05-21 13:51:33,083 - Closing JPA EntityManagerFactory for persistence unit 'default'
